[2022-02-11 21:39:03Z INFO HostContext] No proxy settings were found based on environmental variables (http_proxy/https_proxy/HTTP_PROXY/HTTPS_PROXY)
[2022-02-11 21:39:03Z INFO HostContext] Well known directory 'Bin': 'C:\Users\Samsung\AndroidStudioProjects\demo\actions-runner\bin'
[2022-02-11 21:39:03Z INFO HostContext] Well known directory 'Root': 'C:\Users\Samsung\AndroidStudioProjects\demo\actions-runner'
[2022-02-11 21:39:03Z INFO HostContext] Well known config file 'Credentials': 'C:\Users\Samsung\AndroidStudioProjects\demo\actions-runner\.credentials'
[2022-02-11 21:39:03Z INFO HostContext] Well known directory 'Bin': 'C:\Users\Samsung\AndroidStudioProjects\demo\actions-runner\bin'
[2022-02-11 21:39:03Z INFO HostContext] Well known directory 'Root': 'C:\Users\Samsung\AndroidStudioProjects\demo\actions-runner'
[2022-02-11 21:39:03Z INFO HostContext] Well known config file 'Runner': 'C:\Users\Samsung\AndroidStudioProjects\demo\actions-runner\.runner'
[2022-02-11 21:39:03Z INFO Listener] Runner is built for Windows (X64) - win-x64.
[2022-02-11 21:39:03Z INFO Listener] RuntimeInformation: Microsoft Windows 10.0.22000.
[2022-02-11 21:39:03Z INFO Listener] Version: 2.287.1
[2022-02-11 21:39:03Z INFO Listener] Commit: b4e17c4fee3674494ffe88c5e06e42acb6788a37
[2022-02-11 21:39:03Z INFO Listener] Culture: pt-BR
[2022-02-11 21:39:03Z INFO Listener] UI Culture: pt-BR
[2022-02-11 21:39:03Z INFO HostContext] Well known directory 'Bin': 'C:\Users\Samsung\AndroidStudioProjects\demo\actions-runner\bin'
[2022-02-11 21:39:03Z INFO HostContext] Well known directory 'Root': 'C:\Users\Samsung\AndroidStudioProjects\demo\actions-runner'
[2022-02-11 21:39:03Z INFO Listener] Validating directory permissions for: 'C:\Users\Samsung\AndroidStudioProjects\demo\actions-runner'
[2022-02-11 21:39:03Z INFO CommandLineParser] Parse
[2022-02-11 21:39:03Z INFO CommandLineParser] Parsing 1 args
[2022-02-11 21:39:03Z INFO CommandLineParser] parsing argument
[2022-02-11 21:39:03Z INFO CommandLineParser] HasArgs: False
[2022-02-11 21:39:03Z INFO CommandLineParser] Adding Command: run
[2022-02-11 21:39:03Z INFO Listener] Arguments parsed
[2022-02-11 21:39:03Z INFO Runner] ExecuteCommand
[2022-02-11 21:39:03Z INFO ConfigurationStore] currentAssemblyLocation: C:\Users\Samsung\AndroidStudioProjects\demo\actions-runner\bin\Runner.Listener.dll
[2022-02-11 21:39:03Z INFO HostContext] Well known directory 'Bin': 'C:\Users\Samsung\AndroidStudioProjects\demo\actions-runner\bin'
[2022-02-11 21:39:03Z INFO ConfigurationStore] binPath: C:\Users\Samsung\AndroidStudioProjects\demo\actions-runner\bin
[2022-02-11 21:39:03Z INFO HostContext] Well known directory 'Bin': 'C:\Users\Samsung\AndroidStudioProjects\demo\actions-runner\bin'
[2022-02-11 21:39:03Z INFO HostContext] Well known directory 'Root': 'C:\Users\Samsung\AndroidStudioProjects\demo\actions-runner'
[2022-02-11 21:39:03Z INFO ConfigurationStore] RootFolder: C:\Users\Samsung\AndroidStudioProjects\demo\actions-runner
[2022-02-11 21:39:03Z INFO HostContext] Well known directory 'Bin': 'C:\Users\Samsung\AndroidStudioProjects\demo\actions-runner\bin'
[2022-02-11 21:39:03Z INFO HostContext] Well known directory 'Root': 'C:\Users\Samsung\AndroidStudioProjects\demo\actions-runner'
[2022-02-11 21:39:03Z INFO HostContext] Well known config file 'Runner': 'C:\Users\Samsung\AndroidStudioProjects\demo\actions-runner\.runner'
[2022-02-11 21:39:03Z INFO ConfigurationStore] ConfigFilePath: C:\Users\Samsung\AndroidStudioProjects\demo\actions-runner\.runner
[2022-02-11 21:39:03Z INFO HostContext] Well known directory 'Bin': 'C:\Users\Samsung\AndroidStudioProjects\demo\actions-runner\bin'
[2022-02-11 21:39:03Z INFO HostContext] Well known directory 'Root': 'C:\Users\Samsung\AndroidStudioProjects\demo\actions-runner'
[2022-02-11 21:39:03Z INFO HostContext] Well known config file 'Credentials': 'C:\Users\Samsung\AndroidStudioProjects\demo\actions-runner\.credentials'
[2022-02-11 21:39:03Z INFO ConfigurationStore] CredFilePath: C:\Users\Samsung\AndroidStudioProjects\demo\actions-runner\.credentials
[2022-02-11 21:39:03Z INFO HostContext] Well known directory 'Bin': 'C:\Users\Samsung\AndroidStudioProjects\demo\actions-runner\bin'
[2022-02-11 21:39:03Z INFO HostContext] Well known directory 'Root': 'C:\Users\Samsung\AndroidStudioProjects\demo\actions-runner'
[2022-02-11 21:39:03Z INFO HostContext] Well known config file 'MigratedCredentials': 'C:\Users\Samsung\AndroidStudioProjects\demo\actions-runner\.credentials_migrated'
[2022-02-11 21:39:03Z INFO ConfigurationStore] MigratedCredFilePath: C:\Users\Samsung\AndroidStudioProjects\demo\actions-runner\.credentials_migrated
[2022-02-11 21:39:03Z INFO HostContext] Well known directory 'Bin': 'C:\Users\Samsung\AndroidStudioProjects\demo\actions-runner\bin'
[2022-02-11 21:39:03Z INFO HostContext] Well known directory 'Root': 'C:\Users\Samsung\AndroidStudioProjects\demo\actions-runner'
[2022-02-11 21:39:03Z INFO HostContext] Well known config file 'Service': 'C:\Users\Samsung\AndroidStudioProjects\demo\actions-runner\.service'
[2022-02-11 21:39:03Z INFO ConfigurationStore] ServiceConfigFilePath: C:\Users\Samsung\AndroidStudioProjects\demo\actions-runner\.service
[2022-02-11 21:39:03Z INFO CommandSettings] Flag 'help': 'False'
[2022-02-11 21:39:03Z INFO CommandSettings] Flag 'version': 'False'
[2022-02-11 21:39:03Z INFO CommandSettings] Flag 'commit': 'False'
[2022-02-11 21:39:03Z INFO CommandSettings] Flag 'check': 'False'
[2022-02-11 21:39:03Z INFO CommandSettings] Command 'configure': 'False'
[2022-02-11 21:39:03Z INFO CommandSettings] Command 'remove': 'False'
[2022-02-11 21:39:03Z INFO CommandSettings] Command 'warmup': 'False'
[2022-02-11 21:39:03Z INFO ConfigurationManager] LoadSettings
[2022-02-11 21:39:03Z INFO ConfigurationStore] IsConfigured()
[2022-02-11 21:39:03Z INFO ConfigurationStore] IsConfigured: True
[2022-02-11 21:39:03Z INFO ConfigurationManager] Is configured: True
[2022-02-11 21:39:03Z INFO ConfigurationStore] Read setting file: 299 chars
[2022-02-11 21:39:03Z INFO ConfigurationManager] Settings Loaded
[2022-02-11 21:39:03Z INFO ConfigurationStore] IsServiceConfigured()
[2022-02-11 21:39:03Z INFO ConfigurationStore] IsServiceConfigured: False
[2022-02-11 21:39:03Z INFO CommandSettings] Command 'run': 'True'
[2022-02-11 21:39:03Z INFO ConfigurationStore] IsConfigured()
[2022-02-11 21:39:03Z INFO ConfigurationStore] IsConfigured: True
[2022-02-11 21:39:03Z INFO ConfigurationManager] Is configured: True
[2022-02-11 21:39:03Z INFO Runner] Could not parse the argument value '' for StartupType. Defaulting to Manual
[2022-02-11 21:39:03Z INFO Runner] Set runner startup type - Manual
[2022-02-11 21:39:03Z INFO CommandSettings] Flag 'once': 'False'
[2022-02-11 21:39:03Z INFO CommandSettings] Flag 'once': 'False'
[2022-02-11 21:39:03Z INFO Runner] RunAsync
[2022-02-11 21:39:03Z INFO ConfigurationManager] LoadSettings
[2022-02-11 21:39:03Z INFO ConfigurationStore] IsConfigured()
[2022-02-11 21:39:03Z INFO ConfigurationStore] IsConfigured: True
[2022-02-11 21:39:03Z INFO ConfigurationManager] Is configured: True
[2022-02-11 21:39:03Z INFO ConfigurationManager] Settings Loaded
[2022-02-11 21:39:03Z INFO MessageListener] {
  "AgentId": 22,
  "AgentName": "LAPTOP-5781QDPJ",
  "PoolId": 1,
  "PoolName": "Default",
  "ServerUrl": "https://pipelines.actions.githubusercontent.com/1vT2Wd84XknxothG7LVPn55LMle2cQEumlTekBkwr7G5zqo0UV",
  "GitHubUrl": "https://github.com/Danilo-Miguel/demo",
  "WorkFolder": "_work"
}
[2022-02-11 21:39:03Z INFO MessageListener] Loading Credentials
[2022-02-11 21:39:03Z INFO ConfigurationStore] HasCredentials()
[2022-02-11 21:39:03Z INFO ConfigurationStore] stored True
[2022-02-11 21:39:03Z INFO CredentialManager] GetCredentialProvider
[2022-02-11 21:39:03Z INFO CredentialManager] Creating type OAuth
[2022-02-11 21:39:03Z INFO CredentialManager] Creating credential type: OAuth
[2022-02-11 21:39:03Z INFO HostContext] Well known directory 'Bin': 'C:\Users\Samsung\AndroidStudioProjects\demo\actions-runner\bin'
[2022-02-11 21:39:03Z INFO HostContext] Well known directory 'Root': 'C:\Users\Samsung\AndroidStudioProjects\demo\actions-runner'
[2022-02-11 21:39:03Z INFO HostContext] Well known config file 'RSACredentials': 'C:\Users\Samsung\AndroidStudioProjects\demo\actions-runner\.credentials_rsaparams'
[2022-02-11 21:39:03Z INFO RSAEncryptedFileKeyManager] Loading RSA key parameters from file C:\Users\Samsung\AndroidStudioProjects\demo\actions-runner\.credentials_rsaparams
[2022-02-11 21:39:03Z INFO MessageListener] Attempt to create session.
[2022-02-11 21:39:03Z INFO MessageListener] Connecting to the Runner Server...
[2022-02-11 21:39:03Z INFO RunnerServer] Establish connection with 100 seconds timeout.
[2022-02-11 21:39:03Z INFO GitHubActionsService] Starting operation Location.GetConnectionData
[2022-02-11 21:39:03Z INFO RunnerServer] Establish connection with 60 seconds timeout.
[2022-02-11 21:39:03Z INFO GitHubActionsService] Starting operation Location.GetConnectionData
[2022-02-11 21:39:03Z INFO RunnerServer] Establish connection with 60 seconds timeout.
[2022-02-11 21:39:03Z INFO GitHubActionsService] Starting operation Location.GetConnectionData
[2022-02-11 21:39:04Z INFO GitHubActionsService] Finished operation Location.GetConnectionData
[2022-02-11 21:39:04Z INFO GitHubActionsService] Finished operation Location.GetConnectionData
[2022-02-11 21:39:04Z INFO GitHubActionsService] Finished operation Location.GetConnectionData
[2022-02-11 21:39:04Z INFO MessageListener] VssConnection created
[2022-02-11 21:39:04Z INFO Terminal] WRITE LINE: 
[2022-02-11 21:39:04Z INFO Terminal] WRITE LINE: 
[2022-02-11 21:39:04Z WARN GitHubActionsService] Authentication failed with status code 401.
WWW-Authenticate: Bearer
Strict-Transport-Security: max-age=2592000
X-TFS-ProcessId: 4fd1cd89-0340-4d73-9e93-824a47d038e8
ActivityId: 4c807f57-4a87-445b-bf55-71bfb956e641
X-TFS-Session: fabaff33-a30c-43dc-8d51-f95e7b5c7c12
X-VSS-E2EID: bc7a1ae5-355c-4de0-ac38-5471505802e7
X-VSS-SenderDeploymentId: 13a19993-c6bc-326c-afb4-32c5519f46f0
X-TFS-ServiceError: The+user+%27System%3aPublicAccess%3baaaaaaaa-aaaa-aaaa-aaaa-aaaaaaaaaaaa%27+is+not+authorized+to+access+this+resource.
X-VSS-S2STargetService: 0000005A-0000-8888-8000-000000000000/visualstudio.com
X-Cache: CONFIG_NOCACHE
X-MSEdge-Ref: Ref A: D1E51F3E35014239928082286D1A72A8 Ref B: SAO03EDGE1015 Ref C: 2022-02-11T21:39:04Z
Date: Fri, 11 Feb 2022 21:39:04 GMT

[2022-02-11 21:39:04Z INFO RSAEncryptedFileKeyManager] Loading RSA key parameters from file C:\Users\Samsung\AndroidStudioProjects\demo\actions-runner\.credentials_rsaparams
[2022-02-11 21:39:04Z INFO RSAEncryptedFileKeyManager] Loading RSA key parameters from file C:\Users\Samsung\AndroidStudioProjects\demo\actions-runner\.credentials_rsaparams
[2022-02-11 21:39:04Z INFO GitHubActionsService] AAD Correlation ID for this token request: Unknown
[2022-02-11 21:39:04Z INFO MessageListener] Session created.
[2022-02-11 21:39:04Z INFO Terminal] WRITE LINE: Current runner version: '2.287.1'
[2022-02-11 21:39:04Z INFO Terminal] WRITE LINE: 2022-02-11 21:39:04Z: Listening for Jobs
[2022-02-11 21:39:04Z INFO JobDispatcher] Set runner/worker IPC timeout to 30 seconds.
